Hmm ... looks like a package
Converting parsed Rd's to LaTeX ..
Creating pdf output from LaTeX ...

This is pdfTeX, Version 3.141592653-2.6-1.40.26 (TeX Live 2024) (preloaded format=pdflatex)
 restricted \write18 enabled.
entering extended mode
LaTeX2e <2024-06-01> patch level 2
L3 programming layer <2024-07-20>
(./Rd2.tex
(/Users/malinypo/Library/TinyTeX/texmf-dist/tex/latex/base/book.cls
Document Class: book 2024/02/08 v1.4n Standard LaTeX document class
(/Users/malinypo/Library/TinyTeX/texmf-dist/tex/latex/base/bk10.clo)) (/Library/Frameworks/R.framework/Resources/share/texmf/tex/latex/Rd.sty (/Users/malinypo/Library/TinyTeX/texmf-dist/tex/latex/base/ifthen.sty) (/Users/malinypo/Library/TinyTeX/texmf-dist/tex/latex/tools/longtable.sty) (/Users/malinypo/Library/TinyTeX/texmf-dist/tex/latex/tools/bm.sty) (/Users/malinypo/Library/TinyTeX/texmf-dist/tex/latex/base/alltt.sty) (/Users/malinypo/Library/TinyTeX/texmf-dist/tex/latex/tools/verbatim.sty) (/Users/malinypo/Library/TinyTeX/texmf-dist/tex/latex/url/url.sty) (/Users/malinypo/Library/TinyTeX/texmf-dist/tex/latex/base/textcomp.sty) (/Users/malinypo/Library/TinyTeX/texmf-dist/tex/latex/amsmath/amsmath.sty
For additional information on amsmath, use the `?' option.
(/Users/malinypo/Library/TinyTeX/texmf-dist/tex/latex/amsmath/amstext.sty (/Users/malinypo/Library/TinyTeX/texmf-dist/tex/latex/amsmath/amsgen.sty)) (/Users/malinypo/Library/TinyTeX/texmf-dist/tex/latex/amsmath/amsbsy.sty) (/Users/malinypo/Library/TinyTeX/texmf-dist/tex/latex/amsmath/amsopn.sty)) (/Users/malinypo/Library/TinyTeX/texmf-dist/tex/latex/amsfonts/amsfonts.sty) (/Users/malinypo/Library/TinyTeX/texmf-dist/tex/latex/amsfonts/amssymb.sty) (/Users/malinypo/Library/TinyTeX/texmf-dist/tex/latex/amsfonts/eucal.sty) (/Users/malinypo/Library/TinyTeX/texmf-dist/tex/generic/iftex/iftex.sty) (/Users/malinypo/Library/TinyTeX/texmf-dist/tex/latex/base/fontenc.sty) (/Users/malinypo/Library/TinyTeX/texmf-dist/tex/latex/psnfss/times.sty) (/Users/malinypo/Library/TinyTeX/texmf-dist/tex/latex/inconsolata/zi4.sty `inconsolata-zi4' v1.12, 2019/05/17 Text macros for Inconsolata (msharpe) (/Users/malinypo/Library/TinyTeX/texmf-dist/tex/latex/xkeyval/xkeyval.sty (/Users/malinypo/Library/TinyTeX/texmf-dist/tex/generic/xkeyval/xkeyval.tex (/Users/malinypo/Library/TinyTeX/texmf-dist/tex/generic/xkeyval/xkvutils.tex (/Users/malinypo/Library/TinyTeX/texmf-dist/tex/generic/xkeyval/keyval.tex))))) (/Users/malinypo/Library/TinyTeX/texmf-dist/tex/latex/graphics/color.sty (/Users/malinypo/Library/TinyTeX/texmf-dist/tex/latex/graphics-cfg/color.cfg) (/Users/malinypo/Library/TinyTeX/texmf-dist/tex/latex/graphics-def/pdftex.def) (/Users/malinypo/Library/TinyTeX/texmf-dist/tex/latex/graphics/mathcolor.ltx)) (/Users/malinypo/Library/TinyTeX/texmf-dist/tex/latex/hyperref/hyperref.sty (/Users/malinypo/Library/TinyTeX/texmf-dist/tex/latex/kvsetkeys/kvsetkeys.sty) (/Users/malinypo/Library/TinyTeX/texmf-dist/tex/generic/kvdefinekeys/kvdefinekeys.sty) (/Users/malinypo/Library/TinyTeX/texmf-dist/tex/generic/pdfescape/pdfescape.sty (/Users/malinypo/Library/TinyTeX/texmf-dist/tex/generic/ltxcmds/ltxcmds.sty) (/Users/malinypo/Library/TinyTeX/texmf-dist/tex/generic/pdftexcmds/pdftexcmds.sty (/Users/malinypo/Library/TinyTeX/texmf-dist/tex/generic/infwarerr/infwarerr.sty))) (/Users/malinypo/Library/TinyTeX/texmf-dist/tex/latex/hycolor/hycolor.sty) (/Users/malinypo/Library/TinyTeX/texmf-dist/tex/latex/hyperref/nameref.sty (/Users/malinypo/Library/TinyTeX/texmf-dist/tex/latex/refcount/refcount.sty) (/Users/malinypo/Library/TinyTeX/texmf-dist/tex/generic/gettitlestring/gettitlestring.sty (/Users/malinypo/Library/TinyTeX/texmf-dist/tex/latex/kvoptions/kvoptions.sty))) (/Users/malinypo/Library/TinyTeX/texmf-dist/tex/latex/etoolbox/etoolbox.sty) (/Users/malinypo/Library/TinyTeX/texmf-dist/tex/generic/stringenc/stringenc.sty) (/Users/malinypo/Library/TinyTeX/texmf-dist/tex/latex/hyperref/pd1enc.def) (/Users/malinypo/Library/TinyTeX/texmf-dist/tex/generic/intcalc/intcalc.sty) (/Users/malinypo/Library/TinyTeX/texmf-dist/tex/latex/hyperref/puenc.def) (/Users/malinypo/Library/TinyTeX/texmf-dist/tex/generic/bitset/bitset.sty (/Users/malinypo/Library/TinyTeX/texmf-dist/tex/generic/bigintcalc/bigintcalc.sty)) (/Users/malinypo/Library/TinyTeX/texmf-dist/tex/latex/base/atbegshi-ltx.sty)) (/Users/malinypo/Library/TinyTeX/texmf-dist/tex/latex/hyperref/hpdftex.def (/Users/malinypo/Library/TinyTeX/texmf-dist/tex/latex/base/atveryend-ltx.sty) (/Users/malinypo/Library/TinyTeX/texmf-dist/tex/latex/rerunfilecheck/rerunfilecheck.sty (/Users/malinypo/Library/TinyTeX/texmf-dist/tex/generic/uniquecounter/uniquecounter.sty)))

Package hyperref Warning: Option `hyperindex' has already been used,
(hyperref)                setting the option has no effect on input line 394.


Package hyperref Warning: Option `pagebackref' has already been used,
(hyperref)                setting the option has no effect on input line 394.

) (/Users/malinypo/Library/TinyTeX/texmf-dist/tex/latex/base/makeidx.sty) (/Users/malinypo/Library/TinyTeX/texmf-dist/tex/latex/base/inputenc.sty)
Writing index file Rd2.idx
(/Users/malinypo/Library/TinyTeX/texmf-dist/tex/latex/psnfss/t1ptm.fd) (/Users/malinypo/Library/TinyTeX/texmf-dist/tex/latex/l3backend/l3backend-pdftex.def)
No file Rd2.aux.
(/Users/malinypo/Library/TinyTeX/texmf-dist/tex/latex/psnfss/ts1ptm.fd) (/Users/malinypo/Library/TinyTeX/texmf-dist/tex/latex/inconsolata/t1zi4.fd) (/Users/malinypo/Library/TinyTeX/texmf-dist/tex/latex/amsfonts/umsa.fd) (/Users/malinypo/Library/TinyTeX/texmf-dist/tex/latex/amsfonts/umsb.fd) (/Users/malinypo/Library/TinyTeX/texmf-dist/tex/latex/psnfss/t1phv.fd)
No file Rd2.toc.

[1{/Users/malinypo/Library/TinyTeX/texmf-var/fonts/map/pdftex/updmap/pdftex.map}{/Users/malinypo/Library/TinyTeX/texmf-dist/fonts/enc/dvips/base/8r.enc}{/Users/malinypo/Library/TinyTeX/texmf-dist/fonts/enc/dvips/inconsolata/i4-t1-0.enc}]
[2]
[3]
[4]
[5]
[6]
[7]
[8]
Overfull \hbox (20.83794pt too wide) in paragraph at lines 527--530
[]\T1/ptm/m/n/10 Each com-bi-na-tion of `x_major` and `y_major` forms a unique grid cell. `ymin_minor`

[9]
[10]
[11]
[12]
No file Rd2.ind.

[13] (/private/var/folders/jj/lnlfgphs3x16k5ffpwgnhs4c0000gn/T/RtmpsRcjUw/Rd2pdf40f54e2ac9/Rd2.aux)

Package rerunfilecheck Warning: File `Rd2.out' has changed.
(rerunfilecheck)                Rerun to get outlines right
(rerunfilecheck)                or use package `bookmark'.

 )
(see the transcript file for additional information)
pdfTeX warning (dest): name{Rfn.identity} has been referenced but does not exist, replaced by a fixed one


pdfTeX warning (dest): name{Rfn.layer\(\)} has been referenced but does not exist, replaced by a fixed one


pdfTeX warning (dest): name{Rfn.fortify\(\)} has been referenced but does not exist, replaced by a fixed one


pdfTeX warning (dest): name{Rfn.ggplot\(\)} has been referenced but does not exist, replaced by a fixed one


pdfTeX warning (dest): name{Rfn.borders\(\)} has been referenced but does not exist, replaced by a fixed one


pdfTeX warning (dest): name{Rfn.layer\040position} has been referenced but does not exist, replaced by a fixed one


pdfTeX warning (dest): name{Rfn.layer\040stat} has been referenced but does not exist, replaced by a fixed one


pdfTeX warning (dest): name{Rfn.aes\(\)} has been referenced but does not exist, replaced by a fixed one

 </Users/malinypo/Library/TinyTeX/texmf-var/fonts/pk/ljfour/jknappen/ec/tcrm1000.600pk></Users/malinypo/Library/TinyTeX/texmf-dist/fonts/type1/public/inconsolata/Inconsolata-zi4r.pfb></Users/malinypo/Library/TinyTeX/texmf-dist/fonts/type1/urw/helvetic/uhvr8a.pfb></Users/malinypo/Library/TinyTeX/texmf-dist/fonts/type1/urw/times/utmb8a.pfb></Users/malinypo/Library/TinyTeX/texmf-dist/fonts/type1/urw/times/utmr8a.pfb></Users/malinypo/Library/TinyTeX/texmf-dist/fonts/type1/urw/times/utmr8a.pfb></Users/malinypo/Library/TinyTeX/texmf-dist/fonts/type1/urw/times/utmri8a.pfb>
Output written on Rd2.pdf (13 pages, 109190 bytes).
Transcript written on Rd2.log.
This is makeindex, version 2.17 [TeX Live 2024] (kpathsea + Thai support).
Scanning input file Rd2.idx....done (47 entries accepted, 0 rejected).
Sorting entries....done (310 comparisons).
Generating output file Rd2.ind....done (70 lines written, 0 warnings).
Output written in Rd2.ind.
Transcript written in Rd2.ilg.
This is pdfTeX, Version 3.141592653-2.6-1.40.26 (TeX Live 2024) (preloaded format=pdflatex)
 restricted \write18 enabled.
entering extended mode
LaTeX2e <2024-06-01> patch level 2
L3 programming layer <2024-07-20>
(./Rd2.tex
(/Users/malinypo/Library/TinyTeX/texmf-dist/tex/latex/base/book.cls
Document Class: book 2024/02/08 v1.4n Standard LaTeX document class
(/Users/malinypo/Library/TinyTeX/texmf-dist/tex/latex/base/bk10.clo)) (/Library/Frameworks/R.framework/Resources/share/texmf/tex/latex/Rd.sty (/Users/malinypo/Library/TinyTeX/texmf-dist/tex/latex/base/ifthen.sty) (/Users/malinypo/Library/TinyTeX/texmf-dist/tex/latex/tools/longtable.sty) (/Users/malinypo/Library/TinyTeX/texmf-dist/tex/latex/tools/bm.sty) (/Users/malinypo/Library/TinyTeX/texmf-dist/tex/latex/base/alltt.sty) (/Users/malinypo/Library/TinyTeX/texmf-dist/tex/latex/tools/verbatim.sty) (/Users/malinypo/Library/TinyTeX/texmf-dist/tex/latex/url/url.sty) (/Users/malinypo/Library/TinyTeX/texmf-dist/tex/latex/base/textcomp.sty) (/Users/malinypo/Library/TinyTeX/texmf-dist/tex/latex/amsmath/amsmath.sty
For additional information on amsmath, use the `?' option.
(/Users/malinypo/Library/TinyTeX/texmf-dist/tex/latex/amsmath/amstext.sty (/Users/malinypo/Library/TinyTeX/texmf-dist/tex/latex/amsmath/amsgen.sty)) (/Users/malinypo/Library/TinyTeX/texmf-dist/tex/latex/amsmath/amsbsy.sty) (/Users/malinypo/Library/TinyTeX/texmf-dist/tex/latex/amsmath/amsopn.sty)) (/Users/malinypo/Library/TinyTeX/texmf-dist/tex/latex/amsfonts/amsfonts.sty) (/Users/malinypo/Library/TinyTeX/texmf-dist/tex/latex/amsfonts/amssymb.sty) (/Users/malinypo/Library/TinyTeX/texmf-dist/tex/latex/amsfonts/eucal.sty) (/Users/malinypo/Library/TinyTeX/texmf-dist/tex/generic/iftex/iftex.sty) (/Users/malinypo/Library/TinyTeX/texmf-dist/tex/latex/base/fontenc.sty) (/Users/malinypo/Library/TinyTeX/texmf-dist/tex/latex/psnfss/times.sty) (/Users/malinypo/Library/TinyTeX/texmf-dist/tex/latex/inconsolata/zi4.sty `inconsolata-zi4' v1.12, 2019/05/17 Text macros for Inconsolata (msharpe) (/Users/malinypo/Library/TinyTeX/texmf-dist/tex/latex/xkeyval/xkeyval.sty (/Users/malinypo/Library/TinyTeX/texmf-dist/tex/generic/xkeyval/xkeyval.tex (/Users/malinypo/Library/TinyTeX/texmf-dist/tex/generic/xkeyval/xkvutils.tex (/Users/malinypo/Library/TinyTeX/texmf-dist/tex/generic/xkeyval/keyval.tex))))) (/Users/malinypo/Library/TinyTeX/texmf-dist/tex/latex/graphics/color.sty (/Users/malinypo/Library/TinyTeX/texmf-dist/tex/latex/graphics-cfg/color.cfg) (/Users/malinypo/Library/TinyTeX/texmf-dist/tex/latex/graphics-def/pdftex.def) (/Users/malinypo/Library/TinyTeX/texmf-dist/tex/latex/graphics/mathcolor.ltx)) (/Users/malinypo/Library/TinyTeX/texmf-dist/tex/latex/hyperref/hyperref.sty (/Users/malinypo/Library/TinyTeX/texmf-dist/tex/latex/kvsetkeys/kvsetkeys.sty) (/Users/malinypo/Library/TinyTeX/texmf-dist/tex/generic/kvdefinekeys/kvdefinekeys.sty) (/Users/malinypo/Library/TinyTeX/texmf-dist/tex/generic/pdfescape/pdfescape.sty (/Users/malinypo/Library/TinyTeX/texmf-dist/tex/generic/ltxcmds/ltxcmds.sty) (/Users/malinypo/Library/TinyTeX/texmf-dist/tex/generic/pdftexcmds/pdftexcmds.sty (/Users/malinypo/Library/TinyTeX/texmf-dist/tex/generic/infwarerr/infwarerr.sty))) (/Users/malinypo/Library/TinyTeX/texmf-dist/tex/latex/hycolor/hycolor.sty) (/Users/malinypo/Library/TinyTeX/texmf-dist/tex/latex/hyperref/nameref.sty (/Users/malinypo/Library/TinyTeX/texmf-dist/tex/latex/refcount/refcount.sty) (/Users/malinypo/Library/TinyTeX/texmf-dist/tex/generic/gettitlestring/gettitlestring.sty (/Users/malinypo/Library/TinyTeX/texmf-dist/tex/latex/kvoptions/kvoptions.sty))) (/Users/malinypo/Library/TinyTeX/texmf-dist/tex/latex/etoolbox/etoolbox.sty) (/Users/malinypo/Library/TinyTeX/texmf-dist/tex/generic/stringenc/stringenc.sty) (/Users/malinypo/Library/TinyTeX/texmf-dist/tex/latex/hyperref/pd1enc.def) (/Users/malinypo/Library/TinyTeX/texmf-dist/tex/generic/intcalc/intcalc.sty) (/Users/malinypo/Library/TinyTeX/texmf-dist/tex/latex/hyperref/puenc.def) (/Users/malinypo/Library/TinyTeX/texmf-dist/tex/generic/bitset/bitset.sty (/Users/malinypo/Library/TinyTeX/texmf-dist/tex/generic/bigintcalc/bigintcalc.sty)) (/Users/malinypo/Library/TinyTeX/texmf-dist/tex/latex/base/atbegshi-ltx.sty)) (/Users/malinypo/Library/TinyTeX/texmf-dist/tex/latex/hyperref/hpdftex.def (/Users/malinypo/Library/TinyTeX/texmf-dist/tex/latex/base/atveryend-ltx.sty) (/Users/malinypo/Library/TinyTeX/texmf-dist/tex/latex/rerunfilecheck/rerunfilecheck.sty (/Users/malinypo/Library/TinyTeX/texmf-dist/tex/generic/uniquecounter/uniquecounter.sty)))

Package hyperref Warning: Option `hyperindex' has already been used,
(hyperref)                setting the option has no effect on input line 394.


Package hyperref Warning: Option `pagebackref' has already been used,
(hyperref)                setting the option has no effect on input line 394.

) (/Users/malinypo/Library/TinyTeX/texmf-dist/tex/latex/base/makeidx.sty) (/Users/malinypo/Library/TinyTeX/texmf-dist/tex/latex/base/inputenc.sty)
Writing index file Rd2.idx
(/Users/malinypo/Library/TinyTeX/texmf-dist/tex/latex/psnfss/t1ptm.fd) (/Users/malinypo/Library/TinyTeX/texmf-dist/tex/latex/l3backend/l3backend-pdftex.def) (/private/var/folders/jj/lnlfgphs3x16k5ffpwgnhs4c0000gn/T/RtmpsRcjUw/Rd2pdf40f54e2ac9/Rd2.aux) (/private/var/folders/jj/lnlfgphs3x16k5ffpwgnhs4c0000gn/T/RtmpsRcjUw/Rd2pdf40f54e2ac9/Rd2.out) (/private/var/folders/jj/lnlfgphs3x16k5ffpwgnhs4c0000gn/T/RtmpsRcjUw/Rd2pdf40f54e2ac9/Rd2.out) (/Users/malinypo/Library/TinyTeX/texmf-dist/tex/latex/psnfss/ts1ptm.fd) (/Users/malinypo/Library/TinyTeX/texmf-dist/tex/latex/inconsolata/t1zi4.fd) (/Users/malinypo/Library/TinyTeX/texmf-dist/tex/latex/amsfonts/umsa.fd) (/Users/malinypo/Library/TinyTeX/texmf-dist/tex/latex/amsfonts/umsb.fd) (/Users/malinypo/Library/TinyTeX/texmf-dist/tex/latex/psnfss/t1phv.fd) (/private/var/folders/jj/lnlfgphs3x16k5ffpwgnhs4c0000gn/T/RtmpsRcjUw/Rd2pdf40f54e2ac9/Rd2.toc
[1{/Users/malinypo/Library/TinyTeX/texmf-var/fonts/map/pdftex/updmap/pdftex.map}{/Users/malinypo/Library/TinyTeX/texmf-dist/fonts/enc/dvips/base/8r.enc}{/Users/malinypo/Library/TinyTeX/texmf-dist/fonts/enc/dvips/inconsolata/i4-t1-0.enc}])
[2]
[3]
[4]
[5]
[6]
[7]
[8]
Overfull \hbox (20.83794pt too wide) in paragraph at lines 527--530
[]\T1/ptm/m/n/10 Each com-bi-na-tion of `x_major` and `y_major` forms a unique grid cell. `ymin_minor`

[9]
[10]
[11]
[12] (/private/var/folders/jj/lnlfgphs3x16k5ffpwgnhs4c0000gn/T/RtmpsRcjUw/Rd2pdf40f54e2ac9/Rd2.ind
[13]

[14]) (/private/var/folders/jj/lnlfgphs3x16k5ffpwgnhs4c0000gn/T/RtmpsRcjUw/Rd2pdf40f54e2ac9/Rd2.aux)

Package rerunfilecheck Warning: File `Rd2.out' has changed.
(rerunfilecheck)                Rerun to get outlines right
(rerunfilecheck)                or use package `bookmark'.

 )
(see the transcript file for additional information)
pdfTeX warning (dest): name{Rfn.identity} has been referenced but does not exist, replaced by a fixed one


pdfTeX warning (dest): name{Rfn.layer\(\)} has been referenced but does not exist, replaced by a fixed one


pdfTeX warning (dest): name{Rfn.fortify\(\)} has been referenced but does not exist, replaced by a fixed one


pdfTeX warning (dest): name{Rfn.ggplot\(\)} has been referenced but does not exist, replaced by a fixed one


pdfTeX warning (dest): name{Rfn.borders\(\)} has been referenced but does not exist, replaced by a fixed one


pdfTeX warning (dest): name{Rfn.layer\040position} has been referenced but does not exist, replaced by a fixed one


pdfTeX warning (dest): name{Rfn.layer\040stat} has been referenced but does not exist, replaced by a fixed one


pdfTeX warning (dest): name{Rfn.aes\(\)} has been referenced but does not exist, replaced by a fixed one

 </Users/malinypo/Library/TinyTeX/texmf-var/fonts/pk/ljfour/jknappen/ec/tcrm1000.600pk></Users/malinypo/Library/TinyTeX/texmf-dist/fonts/type1/public/inconsolata/Inconsolata-zi4r.pfb></Users/malinypo/Library/TinyTeX/texmf-dist/fonts/type1/public/amsfonts/cm/cmsy10.pfb></Users/malinypo/Library/TinyTeX/texmf-dist/fonts/type1/urw/helvetic/uhvr8a.pfb></Users/malinypo/Library/TinyTeX/texmf-dist/fonts/type1/urw/times/utmb8a.pfb></Users/malinypo/Library/TinyTeX/texmf-dist/fonts/type1/urw/times/utmr8a.pfb></Users/malinypo/Library/TinyTeX/texmf-dist/fonts/type1/urw/times/utmr8a.pfb></Users/malinypo/Library/TinyTeX/texmf-dist/fonts/type1/urw/times/utmri8a.pfb>
Output written on Rd2.pdf (14 pages, 122175 bytes).
Transcript written on Rd2.log.
This is makeindex, version 2.17 [TeX Live 2024] (kpathsea + Thai support).
Scanning input file Rd2.idx....done (47 entries accepted, 0 rejected).
Sorting entries....done (310 comparisons).
Generating output file Rd2.ind....done (70 lines written, 0 warnings).
Output written in Rd2.ind.
Transcript written in Rd2.ilg.
This is pdfTeX, Version 3.141592653-2.6-1.40.26 (TeX Live 2024) (preloaded format=pdflatex)
 restricted \write18 enabled.
entering extended mode
LaTeX2e <2024-06-01> patch level 2
L3 programming layer <2024-07-20>
(./Rd2.tex
(/Users/malinypo/Library/TinyTeX/texmf-dist/tex/latex/base/book.cls
Document Class: book 2024/02/08 v1.4n Standard LaTeX document class
(/Users/malinypo/Library/TinyTeX/texmf-dist/tex/latex/base/bk10.clo)) (/Library/Frameworks/R.framework/Resources/share/texmf/tex/latex/Rd.sty (/Users/malinypo/Library/TinyTeX/texmf-dist/tex/latex/base/ifthen.sty) (/Users/malinypo/Library/TinyTeX/texmf-dist/tex/latex/tools/longtable.sty) (/Users/malinypo/Library/TinyTeX/texmf-dist/tex/latex/tools/bm.sty) (/Users/malinypo/Library/TinyTeX/texmf-dist/tex/latex/base/alltt.sty) (/Users/malinypo/Library/TinyTeX/texmf-dist/tex/latex/tools/verbatim.sty) (/Users/malinypo/Library/TinyTeX/texmf-dist/tex/latex/url/url.sty) (/Users/malinypo/Library/TinyTeX/texmf-dist/tex/latex/base/textcomp.sty) (/Users/malinypo/Library/TinyTeX/texmf-dist/tex/latex/amsmath/amsmath.sty
For additional information on amsmath, use the `?' option.
(/Users/malinypo/Library/TinyTeX/texmf-dist/tex/latex/amsmath/amstext.sty (/Users/malinypo/Library/TinyTeX/texmf-dist/tex/latex/amsmath/amsgen.sty)) (/Users/malinypo/Library/TinyTeX/texmf-dist/tex/latex/amsmath/amsbsy.sty) (/Users/malinypo/Library/TinyTeX/texmf-dist/tex/latex/amsmath/amsopn.sty)) (/Users/malinypo/Library/TinyTeX/texmf-dist/tex/latex/amsfonts/amsfonts.sty) (/Users/malinypo/Library/TinyTeX/texmf-dist/tex/latex/amsfonts/amssymb.sty) (/Users/malinypo/Library/TinyTeX/texmf-dist/tex/latex/amsfonts/eucal.sty) (/Users/malinypo/Library/TinyTeX/texmf-dist/tex/generic/iftex/iftex.sty) (/Users/malinypo/Library/TinyTeX/texmf-dist/tex/latex/base/fontenc.sty) (/Users/malinypo/Library/TinyTeX/texmf-dist/tex/latex/psnfss/times.sty) (/Users/malinypo/Library/TinyTeX/texmf-dist/tex/latex/inconsolata/zi4.sty `inconsolata-zi4' v1.12, 2019/05/17 Text macros for Inconsolata (msharpe) (/Users/malinypo/Library/TinyTeX/texmf-dist/tex/latex/xkeyval/xkeyval.sty (/Users/malinypo/Library/TinyTeX/texmf-dist/tex/generic/xkeyval/xkeyval.tex (/Users/malinypo/Library/TinyTeX/texmf-dist/tex/generic/xkeyval/xkvutils.tex (/Users/malinypo/Library/TinyTeX/texmf-dist/tex/generic/xkeyval/keyval.tex))))) (/Users/malinypo/Library/TinyTeX/texmf-dist/tex/latex/graphics/color.sty (/Users/malinypo/Library/TinyTeX/texmf-dist/tex/latex/graphics-cfg/color.cfg) (/Users/malinypo/Library/TinyTeX/texmf-dist/tex/latex/graphics-def/pdftex.def) (/Users/malinypo/Library/TinyTeX/texmf-dist/tex/latex/graphics/mathcolor.ltx)) (/Users/malinypo/Library/TinyTeX/texmf-dist/tex/latex/hyperref/hyperref.sty (/Users/malinypo/Library/TinyTeX/texmf-dist/tex/latex/kvsetkeys/kvsetkeys.sty) (/Users/malinypo/Library/TinyTeX/texmf-dist/tex/generic/kvdefinekeys/kvdefinekeys.sty) (/Users/malinypo/Library/TinyTeX/texmf-dist/tex/generic/pdfescape/pdfescape.sty (/Users/malinypo/Library/TinyTeX/texmf-dist/tex/generic/ltxcmds/ltxcmds.sty) (/Users/malinypo/Library/TinyTeX/texmf-dist/tex/generic/pdftexcmds/pdftexcmds.sty (/Users/malinypo/Library/TinyTeX/texmf-dist/tex/generic/infwarerr/infwarerr.sty))) (/Users/malinypo/Library/TinyTeX/texmf-dist/tex/latex/hycolor/hycolor.sty) (/Users/malinypo/Library/TinyTeX/texmf-dist/tex/latex/hyperref/nameref.sty (/Users/malinypo/Library/TinyTeX/texmf-dist/tex/latex/refcount/refcount.sty) (/Users/malinypo/Library/TinyTeX/texmf-dist/tex/generic/gettitlestring/gettitlestring.sty (/Users/malinypo/Library/TinyTeX/texmf-dist/tex/latex/kvoptions/kvoptions.sty))) (/Users/malinypo/Library/TinyTeX/texmf-dist/tex/latex/etoolbox/etoolbox.sty) (/Users/malinypo/Library/TinyTeX/texmf-dist/tex/generic/stringenc/stringenc.sty) (/Users/malinypo/Library/TinyTeX/texmf-dist/tex/latex/hyperref/pd1enc.def) (/Users/malinypo/Library/TinyTeX/texmf-dist/tex/generic/intcalc/intcalc.sty) (/Users/malinypo/Library/TinyTeX/texmf-dist/tex/latex/hyperref/puenc.def) (/Users/malinypo/Library/TinyTeX/texmf-dist/tex/generic/bitset/bitset.sty (/Users/malinypo/Library/TinyTeX/texmf-dist/tex/generic/bigintcalc/bigintcalc.sty)) (/Users/malinypo/Library/TinyTeX/texmf-dist/tex/latex/base/atbegshi-ltx.sty)) (/Users/malinypo/Library/TinyTeX/texmf-dist/tex/latex/hyperref/hpdftex.def (/Users/malinypo/Library/TinyTeX/texmf-dist/tex/latex/base/atveryend-ltx.sty) (/Users/malinypo/Library/TinyTeX/texmf-dist/tex/latex/rerunfilecheck/rerunfilecheck.sty (/Users/malinypo/Library/TinyTeX/texmf-dist/tex/generic/uniquecounter/uniquecounter.sty)))

Package hyperref Warning: Option `hyperindex' has already been used,
(hyperref)                setting the option has no effect on input line 394.


Package hyperref Warning: Option `pagebackref' has already been used,
(hyperref)                setting the option has no effect on input line 394.

) (/Users/malinypo/Library/TinyTeX/texmf-dist/tex/latex/base/makeidx.sty) (/Users/malinypo/Library/TinyTeX/texmf-dist/tex/latex/base/inputenc.sty)
Writing index file Rd2.idx
(/Users/malinypo/Library/TinyTeX/texmf-dist/tex/latex/psnfss/t1ptm.fd) (/Users/malinypo/Library/TinyTeX/texmf-dist/tex/latex/l3backend/l3backend-pdftex.def) (/private/var/folders/jj/lnlfgphs3x16k5ffpwgnhs4c0000gn/T/RtmpsRcjUw/Rd2pdf40f54e2ac9/Rd2.aux) (/private/var/folders/jj/lnlfgphs3x16k5ffpwgnhs4c0000gn/T/RtmpsRcjUw/Rd2pdf40f54e2ac9/Rd2.out) (/private/var/folders/jj/lnlfgphs3x16k5ffpwgnhs4c0000gn/T/RtmpsRcjUw/Rd2pdf40f54e2ac9/Rd2.out) (/Users/malinypo/Library/TinyTeX/texmf-dist/tex/latex/psnfss/ts1ptm.fd) (/Users/malinypo/Library/TinyTeX/texmf-dist/tex/latex/inconsolata/t1zi4.fd) (/Users/malinypo/Library/TinyTeX/texmf-dist/tex/latex/amsfonts/umsa.fd) (/Users/malinypo/Library/TinyTeX/texmf-dist/tex/latex/amsfonts/umsb.fd) (/Users/malinypo/Library/TinyTeX/texmf-dist/tex/latex/psnfss/t1phv.fd) (/private/var/folders/jj/lnlfgphs3x16k5ffpwgnhs4c0000gn/T/RtmpsRcjUw/Rd2pdf40f54e2ac9/Rd2.toc
[1{/Users/malinypo/Library/TinyTeX/texmf-var/fonts/map/pdftex/updmap/pdftex.map}{/Users/malinypo/Library/TinyTeX/texmf-dist/fonts/enc/dvips/base/8r.enc}{/Users/malinypo/Library/TinyTeX/texmf-dist/fonts/enc/dvips/inconsolata/i4-t1-0.enc}])
[2]
[3]
[4]
[5]
[6]
[7]
[8]
Overfull \hbox (20.83794pt too wide) in paragraph at lines 527--530
[]\T1/ptm/m/n/10 Each com-bi-na-tion of `x_major` and `y_major` forms a unique grid cell. `ymin_minor`

[9]
[10]
[11]
[12] (/private/var/folders/jj/lnlfgphs3x16k5ffpwgnhs4c0000gn/T/RtmpsRcjUw/Rd2pdf40f54e2ac9/Rd2.ind
[13]

[14]) (/private/var/folders/jj/lnlfgphs3x16k5ffpwgnhs4c0000gn/T/RtmpsRcjUw/Rd2pdf40f54e2ac9/Rd2.aux) )
(see the transcript file for additional information)
pdfTeX warning (dest): name{Rfn.identity} has been referenced but does not exist, replaced by a fixed one


pdfTeX warning (dest): name{Rfn.layer\(\)} has been referenced but does not exist, replaced by a fixed one


pdfTeX warning (dest): name{Rfn.fortify\(\)} has been referenced but does not exist, replaced by a fixed one


pdfTeX warning (dest): name{Rfn.ggplot\(\)} has been referenced but does not exist, replaced by a fixed one


pdfTeX warning (dest): name{Rfn.borders\(\)} has been referenced but does not exist, replaced by a fixed one


pdfTeX warning (dest): name{Rfn.layer\040position} has been referenced but does not exist, replaced by a fixed one


pdfTeX warning (dest): name{Rfn.layer\040stat} has been referenced but does not exist, replaced by a fixed one


pdfTeX warning (dest): name{Rfn.aes\(\)} has been referenced but does not exist, replaced by a fixed one

 </Users/malinypo/Library/TinyTeX/texmf-var/fonts/pk/ljfour/jknappen/ec/tcrm1000.600pk></Users/malinypo/Library/TinyTeX/texmf-dist/fonts/type1/public/inconsolata/Inconsolata-zi4r.pfb></Users/malinypo/Library/TinyTeX/texmf-dist/fonts/type1/public/amsfonts/cm/cmsy10.pfb></Users/malinypo/Library/TinyTeX/texmf-dist/fonts/type1/urw/helvetic/uhvr8a.pfb></Users/malinypo/Library/TinyTeX/texmf-dist/fonts/type1/urw/times/utmb8a.pfb></Users/malinypo/Library/TinyTeX/texmf-dist/fonts/type1/urw/times/utmr8a.pfb></Users/malinypo/Library/TinyTeX/texmf-dist/fonts/type1/urw/times/utmr8a.pfb></Users/malinypo/Library/TinyTeX/texmf-dist/fonts/type1/urw/times/utmri8a.pfb>
Output written on Rd2.pdf (14 pages, 122716 bytes).
Transcript written on Rd2.log.
Saving output to ‘sugarglider-manual.pdf’ ...
Done
You may want to clean up by 'rm -Rf /var/folders/jj/lnlfgphs3x16k5ffpwgnhs4c0000gn/T//RtmpsRcjUw/Rd2pdf40f54e2ac9'
